INFO:     Will watch for changes in these directories: ['/Users/enisshabani/Projekti SSH (kaPak)/Social-Feed-App-Backend']
INFO:     Uvicorn running on http://127.0.0.1:8000 (Press CTRL+C to quit)
INFO:     Started reloader process [56703] using WatchFiles
INFO:     Started server process [56705]
INFO:     Waiting for application startup.
2026-05-02 20:14:13 | INFO     | kapak | 🚀 Starting KaPak v1.0.0
2026-05-02 20:14:13,961 INFO sqlalchemy.engine.Engine select pg_catalog.version()
2026-05-02 20:14:13 | INFO     | sqlalchemy.engine.Engine | select pg_catalog.version()
2026-05-02 20:14:13,961 INFO sqlalchemy.engine.Engine [raw sql] {}
2026-05-02 20:14:13 | INFO     | sqlalchemy.engine.Engine | [raw sql] {}
2026-05-02 20:14:13,961 INFO sqlalchemy.engine.Engine select current_schema()
2026-05-02 20:14:13 | INFO     | sqlalchemy.engine.Engine | select current_schema()
2026-05-02 20:14:13,961 INFO sqlalchemy.engine.Engine [raw sql] {}
2026-05-02 20:14:13 | INFO     | sqlalchemy.engine.Engine | [raw sql] {}
2026-05-02 20:14:13,961 INFO sqlalchemy.engine.Engine show standard_conforming_strings
2026-05-02 20:14:13 | INFO     | sqlalchemy.engine.Engine | show standard_conforming_strings
2026-05-02 20:14:13,961 INFO sqlalchemy.engine.Engine [raw sql] {}
2026-05-02 20:14:13 | INFO     | sqlalchemy.engine.Engine | [raw sql] {}
2026-05-02 20:14:13,962 INFO sqlalchemy.engine.Engine BEGIN (implicit)
2026-05-02 20:14:13 | INFO     | sqlalchemy.engine.Engine | BEGIN (implicit)
2026-05-02 20:14:13,963 INFO sqlalchemy.engine.Engine SELECT pg_catalog.pg_class.relname 
FROM pg_catalog.pg_class JOIN pg_catalog.pg_namespace ON pg_catalog.pg_namespace.oid = pg_catalog.pg_class.relnamespace 
WHERE pg_catalog.pg_class.relname = %(table_name)s AND pg_catalog.pg_class.relkind = ANY (ARRAY[%(param_1)s, %(param_2)s, %(param_3)s, %(param_4)s, %(param_5)s]) AND pg_catalog.pg_table_is_visible(pg_catalog.pg_class.oid) AND pg_catalog.pg_namespace.nspname != %(nspname_1)s
2026-05-02 20:14:13 | INFO     | sqlalchemy.engine.Engine | SELECT pg_catalog.pg_class.relname 
FROM pg_catalog.pg_class JOIN pg_catalog.pg_namespace ON pg_catalog.pg_namespace.oid = pg_catalog.pg_class.relnamespace 
WHERE pg_catalog.pg_class.relname = %(table_name)s AND pg_catalog.pg_class.relkind = ANY (ARRAY[%(param_1)s, %(param_2)s, %(param_3)s, %(param_4)s, %(param_5)s]) AND pg_catalog.pg_table_is_visible(pg_catalog.pg_class.oid) AND pg_catalog.pg_namespace.nspname != %(nspname_1)s
2026-05-02 20:14:13,963 INFO sqlalchemy.engine.Engine [generated in 0.00007s] {'table_name': 'users', 'param_1': 'r', 'param_2': 'p', 'param_3': 'f', 'param_4': 'v', 'param_5': 'm', 'nspname_1': 'pg_catalog'}
2026-05-02 20:14:13 | INFO     | sqlalchemy.engine.Engine | [generated in 0.00007s] {'table_name': 'users', 'param_1': 'r', 'param_2': 'p', 'param_3': 'f', 'param_4': 'v', 'param_5': 'm', 'nspname_1': 'pg_catalog'}
2026-05-02 20:14:13,966 INFO sqlalchemy.engine.Engine SELECT pg_catalog.pg_type.typname 
FROM pg_catalog.pg_type JOIN pg_catalog.pg_namespace ON pg_catalog.pg_namespace.oid = pg_catalog.pg_type.typnamespace 
WHERE pg_catalog.pg_type.typname = %(typname_1)s AND pg_catalog.pg_type_is_visible(pg_catalog.pg_type.oid) AND pg_catalog.pg_namespace.nspname != %(nspname_1)s
2026-05-02 20:14:13 | INFO     | sqlalchemy.engine.Engine | SELECT pg_catalog.pg_type.typname 
FROM pg_catalog.pg_type JOIN pg_catalog.pg_namespace ON pg_catalog.pg_namespace.oid = pg_catalog.pg_type.typnamespace 
WHERE pg_catalog.pg_type.typname = %(typname_1)s AND pg_catalog.pg_type_is_visible(pg_catalog.pg_type.oid) AND pg_catalog.pg_namespace.nspname != %(nspname_1)s
2026-05-02 20:14:13,966 INFO sqlalchemy.engine.Engine [generated in 0.00004s] {'typname_1': 'userrole', 'nspname_1': 'pg_catalog'}
2026-05-02 20:14:13 | INFO     | sqlalchemy.engine.Engine | [generated in 0.00004s] {'typname_1': 'userrole', 'nspname_1': 'pg_catalog'}
2026-05-02 20:14:13,966 INFO sqlalchemy.engine.Engine COMMIT
2026-05-02 20:14:13 | INFO     | sqlalchemy.engine.Engine | COMMIT
2026-05-02 20:14:13 | INFO     | kapak | ✅ Database tables created/verified
INFO:     Application startup complete.
2026-05-02 20:18:28 | INFO     | kapak | → GET /
2026-05-02 20:18:28 | INFO     | kapak | ← GET / | Status: 200 | Duration: 1.09ms
INFO:     127.0.0.1:51542 - "GET / HTTP/1.1" 200 OK
2026-05-02 20:18:28 | INFO     | kapak | → GET /favicon.ico
2026-05-02 20:18:28 | INFO     | kapak | ← GET /favicon.ico | Status: 404 | Duration: 0.5ms
INFO:     127.0.0.1:51542 - "GET /favicon.ico HTTP/1.1" 404 Not Found
2026-05-02 20:20:05 | INFO     | kapak | → GET /docs
2026-05-02 20:20:05 | INFO     | kapak | ← GET /docs | Status: 200 | Duration: 0.37ms
INFO:     127.0.0.1:51552 - "GET /docs HTTP/1.1" 200 OK
2026-05-02 20:20:22 | INFO     | kapak | → GET /docs
2026-05-02 20:20:22 | INFO     | kapak | ← GET /docs | Status: 200 | Duration: 0.45ms
INFO:     127.0.0.1:51557 - "GET /docs HTTP/1.1" 200 OK
2026-05-02 20:20:22 | INFO     | kapak | → GET /openapi.json
2026-05-02 20:20:22 | INFO     | kapak | ← GET /openapi.json | Status: 200 | Duration: 5.89ms
INFO:     127.0.0.1:51557 - "GET /openapi.json HTTP/1.1" 200 OK
